
[Workerman\Lib\Model::getRow  2018-04-10 18:14:50] select * from `poker_usergame` where uid=10326  limit 1
[Workerman\Lib\Model::getRow  2018-04-10 18:14:50] select * from `poker_user_ddz_gamedata` where uid=10326  limit 1
[Workerman\Lib\Model::getRow  2018-04-10 18:14:50] select * from `poker_user_niuniu_gamedata` where uid=10326  limit 1
[Workerman\Lib\Model::getRow  2018-04-10 18:14:50] select * from `poker_user_zhajinhua_gamedata` where uid=10326  limit 1
[Workerman\Lib\Model::getRow  2018-04-10 18:14:50] select * from `poker_user_majiang_gamedata` where uid=10326  limit 1
[Workerman\Lib\Model::getRow  2018-04-10 18:14:50] select * from `poker_switch_setting` where channel_id=23  and status=1 order by update_time desc    limit 1
[Workerman\Lib\Model::getRow  2018-04-10 18:15:00] select * from `poker_user_ddz_gamedata` where uid=10326  limit 1
[Workerman\Lib\Model::getRow  2018-04-10 18:15:00] select * from `poker_user_niuniu_gamedata` where uid=10326  limit 1
[Workerman\Lib\Model::getRow  2018-04-10 18:15:00] select * from `poker_user_zhajinhua_gamedata` where uid=10326  limit 1
[Workerman\Lib\Model::getRow  2018-04-10 18:15:00] select * from `poker_user_majiang_gamedata` where uid=10326  limit 1
[Workerman\Lib\Model::getRow  2018-04-10 18:15:00] select * from `poker_switch_setting` where channel_id=23  and status=1 order by update_time desc    limit 1
[Workerman\Lib\Model::getRow  2018-04-10 18:15:18] select * from `poker_user_ddz_gamedata` where uid=10326  limit 1
[Workerman\Lib\Model::getRow  2018-04-10 18:15:18] select * from `poker_user_niuniu_gamedata` where uid=10326  limit 1
[Workerman\Lib\Model::getRow  2018-04-10 18:15:18] select * from `poker_user_zhajinhua_gamedata` where uid=10326  limit 1
[Workerman\Lib\Model::getRow  2018-04-10 18:15:18] select * from `poker_user_majiang_gamedata` where uid=10326  limit 1
[Workerman\Lib\Model::getRow  2018-04-10 18:15:18] select * from `poker_switch_setting` where channel_id=23  and status=1 order by update_time desc    limit 1
[Workerman\Lib\Model::getRow  2018-04-10 18:15:54] select * from `poker_user_ddz_gamedata` where uid=10326  limit 1
[Workerman\Lib\Model::getRow  2018-04-10 18:15:54] select * from `poker_user_niuniu_gamedata` where uid=10326  limit 1
[Workerman\Lib\Model::getRow  2018-04-10 18:15:54] select * from `poker_user_zhajinhua_gamedata` where uid=10326  limit 1
[Workerman\Lib\Model::getRow  2018-04-10 18:15:54] select * from `poker_user_majiang_gamedata` where uid=10326  limit 1
[Workerman\Lib\Model::getRow  2018-04-10 18:15:54] select * from `poker_switch_setting` where channel_id=23  and status=1 order by update_time desc    limit 1
[Workerman\Lib\Model::getRow  2018-04-10 18:16:59] select * from `poker_user_ddz_gamedata` where uid=10326  limit 1
[Workerman\Lib\Model::getRow  2018-04-10 18:16:59] select * from `poker_user_niuniu_gamedata` where uid=10326  limit 1
[Workerman\Lib\Model::getRow  2018-04-10 18:16:59] select * from `poker_user_zhajinhua_gamedata` where uid=10326  limit 1
[Workerman\Lib\Model::getRow  2018-04-10 18:16:59] select * from `poker_user_majiang_gamedata` where uid=10326  limit 1
[Workerman\Lib\Model::getRow  2018-04-10 18:16:59] select * from `poker_switch_setting` where channel_id=23  and status=1 order by update_time desc    limit 1
[Workerman\Lib\Model::getRow  2018-04-10 18:17:10] select * from `poker_user_ddz_gamedata` where uid=10326  limit 1
[Workerman\Lib\Model::getRow  2018-04-10 18:17:10] select * from `poker_user_niuniu_gamedata` where uid=10326  limit 1
[Workerman\Lib\Model::getRow  2018-04-10 18:17:10] select * from `poker_user_zhajinhua_gamedata` where uid=10326  limit 1
[Workerman\Lib\Model::getRow  2018-04-10 18:17:10] select * from `poker_user_majiang_gamedata` where uid=10326  limit 1
[Workerman\Lib\Model::getRow  2018-04-10 18:17:10] select * from `poker_switch_setting` where channel_id=23  and status=1 order by update_time desc    limit 1
[Workerman\Lib\Model::getRow  2018-04-10 18:17:16] select * from `poker_user_ddz_gamedata` where uid=10326  limit 1
[Workerman\Lib\Model::getRow  2018-04-10 18:17:16] select * from `poker_user_niuniu_gamedata` where uid=10326  limit 1
[Workerman\Lib\Model::getRow  2018-04-10 18:17:16] select * from `poker_user_zhajinhua_gamedata` where uid=10326  limit 1
[Workerman\Lib\Model::getRow  2018-04-10 18:17:16] select * from `poker_user_majiang_gamedata` where uid=10326  limit 1
[Workerman\Lib\Model::getRow  2018-04-10 18:17:16] select * from `poker_switch_setting` where channel_id=23  and status=1 order by update_time desc    limit 1
[Workerman\Lib\Model::getRow  2018-04-10 18:18:00] select * from `poker_user_ddz_gamedata` where uid=10326  limit 1
[Workerman\Lib\Model::getRow  2018-04-10 18:18:00] select * from `poker_user_niuniu_gamedata` where uid=10326  limit 1
[Workerman\Lib\Model::getRow  2018-04-10 18:18:00] select * from `poker_user_zhajinhua_gamedata` where uid=10326  limit 1
[Workerman\Lib\Model::getRow  2018-04-10 18:18:00] select * from `poker_user_majiang_gamedata` where uid=10326  limit 1
[Workerman\Lib\Model::getRow  2018-04-10 18:18:00] select * from `poker_switch_setting` where channel_id=23  and status=1 order by update_time desc    limit 1
[Workerman\Lib\Model::getRow  2018-04-10 18:18:22] select * from `poker_user_ddz_gamedata` where uid=10326  limit 1
[Workerman\Lib\Model::getRow  2018-04-10 18:18:22] select * from `poker_user_niuniu_gamedata` where uid=10326  limit 1
[Workerman\Lib\Model::getRow  2018-04-10 18:18:22] select * from `poker_user_zhajinhua_gamedata` where uid=10326  limit 1
[Workerman\Lib\Model::getRow  2018-04-10 18:18:22] select * from `poker_user_majiang_gamedata` where uid=10326  limit 1
[Workerman\Lib\Model::getRow  2018-04-10 18:18:22] select * from `poker_switch_setting` where channel_id=23  and status=1 order by update_time desc    limit 1
[Workerman\Lib\Model::getRow  2018-04-10 18:18:33] select * from `poker_user_ddz_gamedata` where uid=10326  limit 1
[Workerman\Lib\Model::getRow  2018-04-10 18:18:33] select * from `poker_user_niuniu_gamedata` where uid=10326  limit 1
[Workerman\Lib\Model::getRow  2018-04-10 18:18:33] select * from `poker_user_zhajinhua_gamedata` where uid=10326  limit 1
[Workerman\Lib\Model::getRow  2018-04-10 18:18:33] select * from `poker_user_majiang_gamedata` where uid=10326  limit 1
[Workerman\Lib\Model::getRow  2018-04-10 18:18:33] select * from `poker_switch_setting` where channel_id=23  and status=1 order by update_time desc    limit 1
[Workerman\Lib\Model::getRow  2018-04-10 18:19:12] select * from `poker_user_ddz_gamedata` where uid=10326  limit 1
[Workerman\Lib\Model::getRow  2018-04-10 18:19:12] select * from `poker_user_niuniu_gamedata` where uid=10326  limit 1
[Workerman\Lib\Model::getRow  2018-04-10 18:19:12] select * from `poker_user_zhajinhua_gamedata` where uid=10326  limit 1
[Workerman\Lib\Model::getRow  2018-04-10 18:19:12] select * from `poker_user_majiang_gamedata` where uid=10326  limit 1
[Workerman\Lib\Model::getRow  2018-04-10 18:19:12] select * from `poker_switch_setting` where channel_id=23  and status=1 order by update_time desc    limit 1
[Workerman\Lib\Model::getRow  2018-04-10 18:19:32] select * from `poker_user_ddz_gamedata` where uid=10326  limit 1
[Workerman\Lib\Model::getRow  2018-04-10 18:19:32] select * from `poker_user_niuniu_gamedata` where uid=10326  limit 1
[Workerman\Lib\Model::getRow  2018-04-10 18:19:32] select * from `poker_user_zhajinhua_gamedata` where uid=10326  limit 1
[Workerman\Lib\Model::getRow  2018-04-10 18:19:32] select * from `poker_user_majiang_gamedata` where uid=10326  limit 1
[Workerman\Lib\Model::getRow  2018-04-10 18:19:32] select * from `poker_switch_setting` where channel_id=23  and status=1 order by update_time desc    limit 1