
[Workerman\Lib\Model::getRow  2018-01-15 10:50:04] select * from `user_cross_challege_log` where uid=10 and activity_id=2113 and add_time=201801 order by create_time desc  limit 1
[Workerman\Lib\Model::getRow  2018-01-15 10:50:04] select * from `cross_challege_config` where id=5  limit 1
[Workerman\Lib\Model::getRow  2018-01-15 10:50:04] select * from `user_cross_challege_log` where uid=10 and activity_id=2116 and add_time=201801 order by create_time desc  limit 1
[Workerman\Lib\Model::getRow  2018-01-15 10:50:04] select * from `cross_challege_config` where id=8  limit 1
[Workerman\Lib\Model::getRow  2018-01-15 10:50:04] select * from `user_cross_challege_log` where uid=10 and activity_id=2122 and add_time=201801 order by create_time desc  limit 1
[Workerman\Lib\Model::getRow  2018-01-15 10:50:04] select * from `cross_challege_config` where id=14  limit 1
[Workerman\Lib\Model::getRow  2018-01-15 10:50:04] select * from `user_consumption_log` where uid=10 and activity_id=2101 and add_time=201801 order by create_time desc  limit 1
[Workerman\Lib\Model::getRow  2018-01-15 10:50:04] select * from `consumption_config` where id=11  limit 1
[Workerman\Lib\Model::getRow  2018-01-15 10:50:04] select * from `user_purchase_diamand_log` where uid=10 and activity_id=2101 and add_month_time=201801  limit 1
[Workerman\Lib\Model::getRow  2018-01-15 10:50:04] select * from `user_consumption_log` where uid=10 and activity_id=2107 and add_time=201801 order by create_time desc  limit 1
[Workerman\Lib\Model::getRow  2018-01-15 10:50:04] select * from `consumption_config` where id=17  limit 1
[Workerman\Lib\Model::getRow  2018-01-15 10:50:04] select * from `user_use_jbcard_log` where uid=10 and activity_id=2107 and add_month_time=201801  limit 1
[Workerman\Lib\Model::getRow  2018-01-15 10:50:04] select * from `user_consumption_log` where uid=10 and activity_id=2110 and add_time=201801 order by create_time desc  limit 1
[Workerman\Lib\Model::getRow  2018-01-15 10:50:04] select * from `consumption_config` where id=20  limit 1
[Workerman\Lib\Model::getRow  2018-01-15 10:50:05] select * from `user_exchange_log` where uid=10 and activity_id=2110 and add_month_time=201801  limit 1
[Workerman\Lib\Model::getRow  2018-01-15 10:50:05] select * from `user_cross_challege_log` where uid=10 and activity_id=2128 and add_time=201801 order by create_time desc  limit 1
[Workerman\Lib\Model::getRow  2018-01-15 10:50:05] select * from `cross_challege_config` where id=17  limit 1
[Workerman\Lib\Model::getRow  2018-01-15 10:50:05] select * from `user_cross_challege_log` where uid=10 and activity_id=2131 and add_time=201801 order by create_time desc  limit 1
[Workerman\Lib\Model::getRow  2018-01-15 10:50:05] select * from `cross_challege_config` where id=20  limit 1
[Workerman\Lib\Model::getRow  2018-01-15 10:50:05] select * from `user_cross_challege_log` where uid=10 and activity_id=2134 and add_time=201801 order by create_time desc  limit 1
[Workerman\Lib\Model::getRow  2018-01-15 10:50:05] select * from `cross_challege_config` where id=23  limit 1
[Workerman\Lib\Model::getRow  2018-01-15 10:50:05] select * from `user_cross_challege_log` where uid=10 and activity_id=2137 and add_time=201801 order by create_time desc  limit 1
[Workerman\Lib\Model::getRow  2018-01-15 10:50:05] select * from `cross_challege_config` where id=26  limit 1
[Workerman\Lib\Model::getRow  2018-01-15 10:50:05] select * from `user_cross_challege_log` where uid=10 and activity_id=2143 and add_time=201801 order by create_time desc  limit 1
[Workerman\Lib\Model::getRow  2018-01-15 10:50:05] select * from `cross_challege_config` where id=32  limit 1
[Workerman\Lib\Model::getRow  2018-01-15 10:50:05] select * from `user_cross_challege_log` where uid=10 and activity_id=2146 and add_time=201801 order by create_time desc  limit 1
[Workerman\Lib\Model::getRow  2018-01-15 10:50:05] select * from `cross_challege_config` where id=35  limit 1
[Workerman\Lib\Model::getRow  2018-01-15 10:50:05] select * from `poker_usergame` where uid=10  limit 1
[Workerman\Lib\Model::getRow  2018-01-15 10:52:49] select * from `poker_usergame` where uid=10  limit 1
[Workerman\Lib\Model::getRow  2018-01-15 10:53:16] select * from `poker_usergame` where uid=10  limit 1
[Workerman\Lib\Model::getRow  2018-01-15 10:57:48] select * from `user_cross_challege_log` where uid=10 and activity_id=2113 and add_time=201801 order by create_time desc  limit 1
[Workerman\Lib\Model::getRow  2018-01-15 10:57:48] select * from `cross_challege_config` where id=5  limit 1
[Workerman\Lib\Model::getRow  2018-01-15 10:57:48] select * from `user_cross_challege_log` where uid=10 and activity_id=2116 and add_time=201801 order by create_time desc  limit 1
[Workerman\Lib\Model::getRow  2018-01-15 10:57:48] select * from `cross_challege_config` where id=8  limit 1
[Workerman\Lib\Model::getRow  2018-01-15 10:57:48] select * from `user_cross_challege_log` where uid=10 and activity_id=2122 and add_time=201801 order by create_time desc  limit 1
[Workerman\Lib\Model::getRow  2018-01-15 10:57:48] select * from `cross_challege_config` where id=14  limit 1
[Workerman\Lib\Model::getRow  2018-01-15 10:57:48] select * from `user_consumption_log` where uid=10 and activity_id=2101 and add_time=201801 order by create_time desc  limit 1
[Workerman\Lib\Model::getRow  2018-01-15 10:57:48] select * from `consumption_config` where id=11  limit 1
[Workerman\Lib\Model::getRow  2018-01-15 10:57:48] select * from `user_purchase_diamand_log` where uid=10 and activity_id=2101 and add_month_time=201801  limit 1
[Workerman\Lib\Model::getRow  2018-01-15 10:57:48] select * from `user_consumption_log` where uid=10 and activity_id=2107 and add_time=201801 order by create_time desc  limit 1
[Workerman\Lib\Model::getRow  2018-01-15 10:57:48] select * from `consumption_config` where id=17  limit 1
[Workerman\Lib\Model::getRow  2018-01-15 10:57:48] select * from `user_use_jbcard_log` where uid=10 and activity_id=2107 and add_month_time=201801  limit 1
[Workerman\Lib\Model::getRow  2018-01-15 10:57:48] select * from `user_consumption_log` where uid=10 and activity_id=2110 and add_time=201801 order by create_time desc  limit 1
[Workerman\Lib\Model::getRow  2018-01-15 10:57:48] select * from `consumption_config` where id=20  limit 1
[Workerman\Lib\Model::getRow  2018-01-15 10:57:48] select * from `user_exchange_log` where uid=10 and activity_id=2110 and add_month_time=201801  limit 1
[Workerman\Lib\Model::getRow  2018-01-15 10:57:48] select * from `user_cross_challege_log` where uid=10 and activity_id=2128 and add_time=201801 order by create_time desc  limit 1
[Workerman\Lib\Model::getRow  2018-01-15 10:57:48] select * from `cross_challege_config` where id=17  limit 1
[Workerman\Lib\Model::getRow  2018-01-15 10:57:48] select * from `user_cross_challege_log` where uid=10 and activity_id=2131 and add_time=201801 order by create_time desc  limit 1
[Workerman\Lib\Model::getRow  2018-01-15 10:57:48] select * from `cross_challege_config` where id=20  limit 1
[Workerman\Lib\Model::getRow  2018-01-15 10:57:48] select * from `user_cross_challege_log` where uid=10 and activity_id=2134 and add_time=201801 order by create_time desc  limit 1
[Workerman\Lib\Model::getRow  2018-01-15 10:57:48] select * from `cross_challege_config` where id=23  limit 1
[Workerman\Lib\Model::getRow  2018-01-15 10:57:48] select * from `user_cross_challege_log` where uid=10 and activity_id=2137 and add_time=201801 order by create_time desc  limit 1
[Workerman\Lib\Model::getRow  2018-01-15 10:57:48] select * from `cross_challege_config` where id=26  limit 1
[Workerman\Lib\Model::getRow  2018-01-15 10:57:48] select * from `user_cross_challege_log` where uid=10 and activity_id=2143 and add_time=201801 order by create_time desc  limit 1
[Workerman\Lib\Model::getRow  2018-01-15 10:57:48] select * from `cross_challege_config` where id=32  limit 1
[Workerman\Lib\Model::getRow  2018-01-15 10:57:48] select * from `user_cross_challege_log` where uid=10 and activity_id=2146 and add_time=201801 order by create_time desc  limit 1
[Workerman\Lib\Model::getRow  2018-01-15 10:57:48] select * from `cross_challege_config` where id=35  limit 1
[Workerman\Lib\Model::getRow  2018-01-15 10:57:48] select * from `poker_usergame` where uid=10  limit 1
[Workerman\Lib\Model::getRow  2018-01-15 10:59:47] select * from `user_cross_challege_log` where uid=16 and activity_id=2113 and add_time=201801 order by create_time desc  limit 1
[Workerman\Lib\Model::getRow  2018-01-15 10:59:47] select * from `user_cross_challege_log` where uid=16 and activity_id=2116 and add_time=201801 order by create_time desc  limit 1
[Workerman\Lib\Model::getRow  2018-01-15 10:59:47] select * from `user_cross_challege_log` where uid=16 and activity_id=2122 and add_time=201801 order by create_time desc  limit 1
[Workerman\Lib\Model::getRow  2018-01-15 10:59:47] select * from `user_consumption_log` where uid=16 and activity_id=2101 and add_time=201801 order by create_time desc  limit 1
[Workerman\Lib\Model::getRow  2018-01-15 10:59:47] select * from `user_purchase_diamand_log` where uid=16 and activity_id=2101 and add_month_time=201801  limit 1
[Workerman\Lib\Model::getRow  2018-01-15 10:59:47] select * from `user_consumption_log` where uid=16 and activity_id=2107 and add_time=201801 order by create_time desc  limit 1
[Workerman\Lib\Model::getRow  2018-01-15 10:59:47] select * from `user_use_jbcard_log` where uid=16 and activity_id=2107 and add_month_time=201801  limit 1
[Workerman\Lib\Model::getRow  2018-01-15 10:59:47] select * from `user_consumption_log` where uid=16 and activity_id=2110 and add_time=201801 order by create_time desc  limit 1
[Workerman\Lib\Model::getRow  2018-01-15 10:59:47] select * from `user_exchange_log` where uid=16 and activity_id=2110 and add_month_time=201801  limit 1
[Workerman\Lib\Model::getRow  2018-01-15 10:59:47] select * from `user_cross_challege_log` where uid=16 and activity_id=2128 and add_time=201801 order by create_time desc  limit 1
[Workerman\Lib\Model::getRow  2018-01-15 10:59:47] select * from `user_cross_challege_log` where uid=16 and activity_id=2131 and add_time=201801 order by create_time desc  limit 1
[Workerman\Lib\Model::getRow  2018-01-15 10:59:47] select * from `user_cross_challege_log` where uid=16 and activity_id=2134 and add_time=201801 order by create_time desc  limit 1
[Workerman\Lib\Model::getRow  2018-01-15 10:59:47] select * from `user_cross_challege_log` where uid=16 and activity_id=2137 and add_time=201801 order by create_time desc  limit 1
[Workerman\Lib\Model::getRow  2018-01-15 10:59:47] select * from `user_cross_challege_log` where uid=16 and activity_id=2143 and add_time=201801 order by create_time desc  limit 1
[Workerman\Lib\Model::getRow  2018-01-15 10:59:47] select * from `user_cross_challege_log` where uid=16 and activity_id=2146 and add_time=201801 order by create_time desc  limit 1
[Workerman\Lib\Model::getRow  2018-01-15 10:59:47] select * from `poker_usergame` where uid=16  limit 1
[Workerman\Lib\Model::getRow  2018-01-15 10:59:47] select `mid`,`sid` from `poker_user_map` where uid=16  limit 1
[Workerman\Lib\Model::getRow  2018-01-15 10:59:47] select * from `poker_user` where id=100016  limit 1
[Workerman\Lib\Model::getRow  2018-01-15 11:03:26] select * from `user_cross_challege_log` where uid=16 and activity_id=2113 and add_time=201801 order by create_time desc  limit 1
[Workerman\Lib\Model::getRow  2018-01-15 11:03:26] select * from `cross_challege_config` where id=5  limit 1
[Workerman\Lib\Model::getRow  2018-01-15 11:03:27] select * from `user_cross_challege_log` where uid=16 and activity_id=2116 and add_time=201801 order by create_time desc  limit 1
[Workerman\Lib\Model::getRow  2018-01-15 11:03:27] select * from `cross_challege_config` where id=8  limit 1
[Workerman\Lib\Model::getRow  2018-01-15 11:03:27] select * from `user_cross_challege_log` where uid=16 and activity_id=2122 and add_time=201801 order by create_time desc  limit 1
[Workerman\Lib\Model::getRow  2018-01-15 11:03:27] select * from `cross_challege_config` where id=14  limit 1
[Workerman\Lib\Model::getRow  2018-01-15 11:03:27] select * from `user_consumption_log` where uid=16 and activity_id=2101 and add_time=201801 order by create_time desc  limit 1
[Workerman\Lib\Model::getRow  2018-01-15 11:03:27] select * from `consumption_config` where id=11  limit 1
[Workerman\Lib\Model::getRow  2018-01-15 11:03:27] select * from `user_purchase_diamand_log` where uid=16 and activity_id=2101 and add_month_time=201801  limit 1
[Workerman\Lib\Model::getRow  2018-01-15 11:03:27] select * from `user_consumption_log` where uid=16 and activity_id=2107 and add_time=201801 order by create_time desc  limit 1
[Workerman\Lib\Model::getRow  2018-01-15 11:03:27] select * from `consumption_config` where id=17  limit 1
[Workerman\Lib\Model::getRow  2018-01-15 11:03:27] select * from `user_use_jbcard_log` where uid=16 and activity_id=2107 and add_month_time=201801  limit 1
[Workerman\Lib\Model::getRow  2018-01-15 11:03:27] select * from `user_consumption_log` where uid=16 and activity_id=2110 and add_time=201801 order by create_time desc  limit 1
[Workerman\Lib\Model::getRow  2018-01-15 11:03:27] select * from `consumption_config` where id=20  limit 1
[Workerman\Lib\Model::getRow  2018-01-15 11:03:27] select * from `user_exchange_log` where uid=16 and activity_id=2110 and add_month_time=201801  limit 1
[Workerman\Lib\Model::getRow  2018-01-15 11:03:27] select * from `user_cross_challege_log` where uid=16 and activity_id=2128 and add_time=201801 order by create_time desc  limit 1
[Workerman\Lib\Model::getRow  2018-01-15 11:03:27] select * from `cross_challege_config` where id=17  limit 1
[Workerman\Lib\Model::getRow  2018-01-15 11:03:27] select * from `user_cross_challege_log` where uid=16 and activity_id=2131 and add_time=201801 order by create_time desc  limit 1
[Workerman\Lib\Model::getRow  2018-01-15 11:03:27] select * from `cross_challege_config` where id=20  limit 1
[Workerman\Lib\Model::getRow  2018-01-15 11:03:27] select * from `user_cross_challege_log` where uid=16 and activity_id=2134 and add_time=201801 order by create_time desc  limit 1
[Workerman\Lib\Model::getRow  2018-01-15 11:03:27] select * from `cross_challege_config` where id=23  limit 1
[Workerman\Lib\Model::getRow  2018-01-15 11:03:27] select * from `user_cross_challege_log` where uid=16 and activity_id=2137 and add_time=201801 order by create_time desc  limit 1
[Workerman\Lib\Model::getRow  2018-01-15 11:03:27] select * from `cross_challege_config` where id=26  limit 1
[Workerman\Lib\Model::getRow  2018-01-15 11:03:27] select * from `user_cross_challege_log` where uid=16 and activity_id=2143 and add_time=201801 order by create_time desc  limit 1
[Workerman\Lib\Model::getRow  2018-01-15 11:03:27] select * from `cross_challege_config` where id=32  limit 1
[Workerman\Lib\Model::getRow  2018-01-15 11:03:27] select * from `user_cross_challege_log` where uid=16 and activity_id=2146 and add_time=201801 order by create_time desc  limit 1
[Workerman\Lib\Model::getRow  2018-01-15 11:03:27] select * from `cross_challege_config` where id=35  limit 1
[Workerman\Lib\Model::getRow  2018-01-15 11:03:27] select * from `poker_usergame` where uid=16  limit 1
[Workerman\Lib\Model::getRow  2018-01-15 11:03:27] select `mid`,`sid` from `poker_user_map` where uid=16  limit 1
[Workerman\Lib\Model::getRow  2018-01-15 11:03:27] select * from `poker_user` where id=100016  limit 1
[Workerman\Lib\Model::getRow  2018-01-15 11:07:10] select * from `user_cross_challege_log` where uid=16 and activity_id=2113 and add_time=201801 order by create_time desc  limit 1
[Workerman\Lib\Model::getRow  2018-01-15 11:07:10] select * from `cross_challege_config` where id=5  limit 1
[Workerman\Lib\Model::getRow  2018-01-15 11:07:10] select * from `user_cross_challege_log` where uid=16 and activity_id=2116 and add_time=201801 order by create_time desc  limit 1
[Workerman\Lib\Model::getRow  2018-01-15 11:07:10] select * from `cross_challege_config` where id=8  limit 1
[Workerman\Lib\Model::getRow  2018-01-15 11:07:10] select * from `user_cross_challege_log` where uid=16 and activity_id=2122 and add_time=201801 order by create_time desc  limit 1
[Workerman\Lib\Model::getRow  2018-01-15 11:07:10] select * from `cross_challege_config` where id=14  limit 1
[Workerman\Lib\Model::getRow  2018-01-15 11:07:10] select * from `user_consumption_log` where uid=16 and activity_id=2101 and add_time=201801 order by create_time desc  limit 1
[Workerman\Lib\Model::getRow  2018-01-15 11:07:10] select * from `consumption_config` where id=11  limit 1
[Workerman\Lib\Model::getRow  2018-01-15 11:07:10] select * from `user_purchase_diamand_log` where uid=16 and activity_id=2101 and add_month_time=201801  limit 1
[Workerman\Lib\Model::getRow  2018-01-15 11:07:10] select * from `user_consumption_log` where uid=16 and activity_id=2107 and add_time=201801 order by create_time desc  limit 1
[Workerman\Lib\Model::getRow  2018-01-15 11:07:10] select * from `consumption_config` where id=17  limit 1
[Workerman\Lib\Model::getRow  2018-01-15 11:07:10] select * from `user_use_jbcard_log` where uid=16 and activity_id=2107 and add_month_time=201801  limit 1
[Workerman\Lib\Model::getRow  2018-01-15 11:07:10] select * from `user_consumption_log` where uid=16 and activity_id=2110 and add_time=201801 order by create_time desc  limit 1
[Workerman\Lib\Model::getRow  2018-01-15 11:07:10] select * from `consumption_config` where id=20  limit 1
[Workerman\Lib\Model::getRow  2018-01-15 11:07:10] select * from `user_exchange_log` where uid=16 and activity_id=2110 and add_month_time=201801  limit 1
[Workerman\Lib\Model::getRow  2018-01-15 11:07:10] select * from `user_cross_challege_log` where uid=16 and activity_id=2128 and add_time=201801 order by create_time desc  limit 1
[Workerman\Lib\Model::getRow  2018-01-15 11:07:10] select * from `cross_challege_config` where id=17  limit 1
[Workerman\Lib\Model::getRow  2018-01-15 11:07:10] select * from `user_cross_challege_log` where uid=16 and activity_id=2131 and add_time=201801 order by create_time desc  limit 1
[Workerman\Lib\Model::getRow  2018-01-15 11:07:10] select * from `cross_challege_config` where id=20  limit 1
[Workerman\Lib\Model::getRow  2018-01-15 11:07:10] select * from `user_cross_challege_log` where uid=16 and activity_id=2134 and add_time=201801 order by create_time desc  limit 1
[Workerman\Lib\Model::getRow  2018-01-15 11:07:10] select * from `cross_challege_config` where id=23  limit 1
[Workerman\Lib\Model::getRow  2018-01-15 11:07:10] select * from `user_cross_challege_log` where uid=16 and activity_id=2137 and add_time=201801 order by create_time desc  limit 1
[Workerman\Lib\Model::getRow  2018-01-15 11:07:10] select * from `cross_challege_config` where id=26  limit 1
[Workerman\Lib\Model::getRow  2018-01-15 11:07:10] select * from `user_cross_challege_log` where uid=16 and activity_id=2143 and add_time=201801 order by create_time desc  limit 1
[Workerman\Lib\Model::getRow  2018-01-15 11:07:10] select * from `cross_challege_config` where id=32  limit 1
[Workerman\Lib\Model::getRow  2018-01-15 11:07:10] select * from `user_cross_challege_log` where uid=16 and activity_id=2146 and add_time=201801 order by create_time desc  limit 1
[Workerman\Lib\Model::getRow  2018-01-15 11:07:10] select * from `cross_challege_config` where id=35  limit 1
[Workerman\Lib\Model::getRow  2018-01-15 11:07:10] select * from `poker_usergame` where uid=16  limit 1
[Workerman\Lib\Model::getRow  2018-01-15 11:07:10] select `mid`,`sid` from `poker_user_map` where uid=16  limit 1
[Workerman\Lib\Model::getRow  2018-01-15 11:07:10] select * from `poker_user` where id=100016  limit 1
[Workerman\Lib\Model::getRow  2018-01-15 11:08:17] select * from `user_cross_challege_log` where uid=16 and activity_id=2113 and add_time=201801 order by create_time desc  limit 1
[Workerman\Lib\Model::getRow  2018-01-15 11:08:17] select * from `cross_challege_config` where id=5  limit 1
[Workerman\Lib\Model::getRow  2018-01-15 11:08:17] select * from `user_cross_challege_log` where uid=16 and activity_id=2116 and add_time=201801 order by create_time desc  limit 1
[Workerman\Lib\Model::getRow  2018-01-15 11:08:17] select * from `cross_challege_config` where id=8  limit 1
[Workerman\Lib\Model::getRow  2018-01-15 11:08:17] select * from `user_cross_challege_log` where uid=16 and activity_id=2122 and add_time=201801 order by create_time desc  limit 1
[Workerman\Lib\Model::getRow  2018-01-15 11:08:17] select * from `cross_challege_config` where id=14  limit 1
[Workerman\Lib\Model::getRow  2018-01-15 11:08:17] select * from `user_consumption_log` where uid=16 and activity_id=2101 and add_time=201801 order by create_time desc  limit 1
[Workerman\Lib\Model::getRow  2018-01-15 11:08:17] select * from `consumption_config` where id=11  limit 1
[Workerman\Lib\Model::getRow  2018-01-15 11:08:17] select * from `user_purchase_diamand_log` where uid=16 and activity_id=2101 and add_month_time=201801  limit 1
[Workerman\Lib\Model::getRow  2018-01-15 11:08:17] select * from `user_consumption_log` where uid=16 and activity_id=2107 and add_time=201801 order by create_time desc  limit 1
[Workerman\Lib\Model::getRow  2018-01-15 11:08:17] select * from `consumption_config` where id=17  limit 1
[Workerman\Lib\Model::getRow  2018-01-15 11:08:17] select * from `user_use_jbcard_log` where uid=16 and activity_id=2107 and add_month_time=201801  limit 1
[Workerman\Lib\Model::getRow  2018-01-15 11:08:17] select * from `user_consumption_log` where uid=16 and activity_id=2110 and add_time=201801 order by create_time desc  limit 1
[Workerman\Lib\Model::getRow  2018-01-15 11:08:17] select * from `consumption_config` where id=20  limit 1
[Workerman\Lib\Model::getRow  2018-01-15 11:08:17] select * from `user_exchange_log` where uid=16 and activity_id=2110 and add_month_time=201801  limit 1
[Workerman\Lib\Model::getRow  2018-01-15 11:08:17] select * from `user_cross_challege_log` where uid=16 and activity_id=2128 and add_time=201801 order by create_time desc  limit 1
[Workerman\Lib\Model::getRow  2018-01-15 11:08:17] select * from `cross_challege_config` where id=17  limit 1
[Workerman\Lib\Model::getRow  2018-01-15 11:08:17] select * from `user_cross_challege_log` where uid=16 and activity_id=2131 and add_time=201801 order by create_time desc  limit 1
[Workerman\Lib\Model::getRow  2018-01-15 11:08:17] select * from `cross_challege_config` where id=20  limit 1
[Workerman\Lib\Model::getRow  2018-01-15 11:08:17] select * from `user_cross_challege_log` where uid=16 and activity_id=2134 and add_time=201801 order by create_time desc  limit 1
[Workerman\Lib\Model::getRow  2018-01-15 11:08:17] select * from `cross_challege_config` where id=23  limit 1
[Workerman\Lib\Model::getRow  2018-01-15 11:08:17] select * from `user_cross_challege_log` where uid=16 and activity_id=2137 and add_time=201801 order by create_time desc  limit 1
[Workerman\Lib\Model::getRow  2018-01-15 11:08:17] select * from `cross_challege_config` where id=26  limit 1
[Workerman\Lib\Model::getRow  2018-01-15 11:08:17] select * from `user_cross_challege_log` where uid=16 and activity_id=2143 and add_time=201801 order by create_time desc  limit 1
[Workerman\Lib\Model::getRow  2018-01-15 11:08:17] select * from `cross_challege_config` where id=32  limit 1
[Workerman\Lib\Model::getRow  2018-01-15 11:08:17] select * from `user_cross_challege_log` where uid=16 and activity_id=2146 and add_time=201801 order by create_time desc  limit 1
[Workerman\Lib\Model::getRow  2018-01-15 11:08:17] select * from `cross_challege_config` where id=35  limit 1
[Workerman\Lib\Model::getRow  2018-01-15 11:08:17] select * from `poker_usergame` where uid=16  limit 1
[Workerman\Lib\Model::getRow  2018-01-15 11:08:17] select `mid`,`sid` from `poker_user_map` where uid=16  limit 1
[Workerman\Lib\Model::getRow  2018-01-15 11:08:17] select * from `poker_user` where id=100016  limit 1
[Workerman\Lib\Model::getRow  2018-01-15 11:15:58] select * from `user_cross_challege_log` where uid=16 and activity_id=2113 and add_time=201801 order by create_time desc  limit 1
[Workerman\Lib\Model::getRow  2018-01-15 11:15:58] select * from `cross_challege_config` where id=5  limit 1
[Workerman\Lib\Model::getRow  2018-01-15 11:15:58] select * from `user_cross_challege_log` where uid=16 and activity_id=2116 and add_time=201801 order by create_time desc  limit 1
[Workerman\Lib\Model::getRow  2018-01-15 11:15:58] select * from `cross_challege_config` where id=8  limit 1
[Workerman\Lib\Model::getRow  2018-01-15 11:15:58] select * from `user_cross_challege_log` where uid=16 and activity_id=2122 and add_time=201801 order by create_time desc  limit 1
[Workerman\Lib\Model::getRow  2018-01-15 11:15:58] select * from `cross_challege_config` where id=14  limit 1
[Workerman\Lib\Model::getRow  2018-01-15 11:15:58] select * from `user_consumption_log` where uid=16 and activity_id=2101 and add_time=201801 order by create_time desc  limit 1
[Workerman\Lib\Model::getRow  2018-01-15 11:15:58] select * from `consumption_config` where id=11  limit 1
[Workerman\Lib\Model::getRow  2018-01-15 11:15:58] select * from `user_purchase_diamand_log` where uid=16 and activity_id=2101 and add_month_time=201801  limit 1
[Workerman\Lib\Model::getRow  2018-01-15 11:15:58] select * from `user_consumption_log` where uid=16 and activity_id=2107 and add_time=201801 order by create_time desc  limit 1
[Workerman\Lib\Model::getRow  2018-01-15 11:15:58] select * from `consumption_config` where id=17  limit 1
[Workerman\Lib\Model::getRow  2018-01-15 11:15:58] select * from `user_use_jbcard_log` where uid=16 and activity_id=2107 and add_month_time=201801  limit 1
[Workerman\Lib\Model::getRow  2018-01-15 11:15:58] select * from `user_consumption_log` where uid=16 and activity_id=2110 and add_time=201801 order by create_time desc  limit 1
[Workerman\Lib\Model::getRow  2018-01-15 11:15:58] select * from `consumption_config` where id=20  limit 1
[Workerman\Lib\Model::getRow  2018-01-15 11:15:58] select * from `user_exchange_log` where uid=16 and activity_id=2110 and add_month_time=201801  limit 1
[Workerman\Lib\Model::getRow  2018-01-15 11:15:58] select * from `user_cross_challege_log` where uid=16 and activity_id=2128 and add_time=201801 order by create_time desc  limit 1
[Workerman\Lib\Model::getRow  2018-01-15 11:15:58] select * from `cross_challege_config` where id=17  limit 1
[Workerman\Lib\Model::getRow  2018-01-15 11:15:58] select * from `user_cross_challege_log` where uid=16 and activity_id=2131 and add_time=201801 order by create_time desc  limit 1
[Workerman\Lib\Model::getRow  2018-01-15 11:15:58] select * from `cross_challege_config` where id=20  limit 1
[Workerman\Lib\Model::getRow  2018-01-15 11:15:58] select * from `user_cross_challege_log` where uid=16 and activity_id=2134 and add_time=201801 order by create_time desc  limit 1
[Workerman\Lib\Model::getRow  2018-01-15 11:15:58] select * from `cross_challege_config` where id=23  limit 1
[Workerman\Lib\Model::getRow  2018-01-15 11:15:58] select * from `user_cross_challege_log` where uid=16 and activity_id=2137 and add_time=201801 order by create_time desc  limit 1
[Workerman\Lib\Model::getRow  2018-01-15 11:15:58] select * from `cross_challege_config` where id=26  limit 1
[Workerman\Lib\Model::getRow  2018-01-15 11:15:58] select * from `user_cross_challege_log` where uid=16 and activity_id=2140 and add_time=201801 order by create_time desc  limit 1
[Workerman\Lib\Model::getRow  2018-01-15 11:15:58] select * from `cross_challege_config` where id=29  limit 1
[Workerman\Lib\Model::getRow  2018-01-15 11:15:58] select * from `user_cross_challege_log` where uid=16 and activity_id=2143 and add_time=201801 order by create_time desc  limit 1
[Workerman\Lib\Model::getRow  2018-01-15 11:15:58] select * from `cross_challege_config` where id=32  limit 1
[Workerman\Lib\Model::getRow  2018-01-15 11:15:58] select * from `user_cross_challege_log` where uid=16 and activity_id=2146 and add_time=201801 order by create_time desc  limit 1
[Workerman\Lib\Model::getRow  2018-01-15 11:15:58] select * from `cross_challege_config` where id=35  limit 1
[Workerman\Lib\Model::getRow  2018-01-15 11:15:58] select * from `poker_usergame` where uid=16  limit 1
[Workerman\Lib\Model::getRow  2018-01-15 11:15:58] select `mid`,`sid` from `poker_user_map` where uid=16  limit 1
[Workerman\Lib\Model::getRow  2018-01-15 11:15:58] select * from `poker_user` where id=100016  limit 1