

[Workerman\Lib\Model::getRow  2018-01-05 12:32:08] select * from `poker_usergame` where uid=178  limit 1
[Workerman\Lib\Model::getRow  2018-01-05 12:32:08] select * from `turn_user_lucky_value` where uid=178 and gift_setting_id=1  limit 1
[Workerman\Lib\Model::getRow  2018-01-05 12:32:08] select * from `turn_user_lucky_value` where uid=178 and gift_setting_id=2  limit 1
[Workerman\Lib\Model::getRow  2018-01-05 12:32:08] select * from `turn_user_lucky_value` where uid=178 and gift_setting_id=3  limit 1
[Workerman\Lib\Model::getRow  2018-01-05 12:32:08] select * from `turn_user_lucky_value` where uid=178 and gift_setting_id=4  limit 1
[Workerman\Lib\Model::getRow  2018-01-05 12:32:09] select * from `turn_user_lucky_value` where uid=178 and gift_setting_id=5  limit 1
[Workerman\Lib\Model::getRow  2018-01-05 12:32:09] select * from `turn_user_lucky_value` where uid=178 and gift_setting_id=6  limit 1
[Workerman\Lib\Model::getRow  2018-01-05 12:32:09] select * from `turn_user_lucky_value` where uid=178 and gift_setting_id=7  limit 1
[Workerman\Lib\Model::getRow  2018-01-05 12:32:09] select * from `turn_user_lucky_value` where uid=178 and gift_setting_id=8  limit 1
[Workerman\Lib\Model::getRow  2018-01-05 12:32:09] select * from `turn_user_lucky_value` where uid=178 and gift_setting_id=9  limit 1
[Workerman\Lib\Model::getRow  2018-01-05 12:32:09] select * from `turn_user_lucky_value` where uid=178 and gift_setting_id=10  limit 1
[Workerman\Lib\Model::getRow  2018-01-05 12:32:09] select * from `turn_user_lucky_value` where uid=178 and gift_setting_id=11  limit 1
[Workerman\Lib\Model::getRow  2018-01-05 12:32:09] select * from `turn_user_lucky_value` where uid=178 and gift_setting_id=12  limit 1
[Workerman\Lib\Model::getRow  2018-01-05 12:32:09] select * from `turn_user_lucky_value` where uid=178 and gift_setting_id=1  limit 1
[Workerman\Lib\Model::getRow  2018-01-05 12:32:09] select * from `turn_user_lucky_value` where uid=178 and gift_setting_id=2  limit 1
[Workerman\Lib\Model::getRow  2018-01-05 12:32:09] select * from `turn_user_lucky_value` where uid=178 and gift_setting_id=3  limit 1
[Workerman\Lib\Model::getRow  2018-01-05 12:32:09] select * from `turn_user_lucky_value` where uid=178 and gift_setting_id=4  limit 1
[Workerman\Lib\Model::getRow  2018-01-05 12:32:09] select * from `turn_user_lucky_value` where uid=178 and gift_setting_id=5  limit 1
[Workerman\Lib\Model::getRow  2018-01-05 12:32:09] select * from `turn_user_lucky_value` where uid=178 and gift_setting_id=6  limit 1
[Workerman\Lib\Model::getRow  2018-01-05 12:32:09] select * from `turn_user_lucky_value` where uid=178 and gift_setting_id=7  limit 1
[Workerman\Lib\Model::getRow  2018-01-05 12:32:09] select * from `turn_user_lucky_value` where uid=178 and gift_setting_id=8  limit 1
[Workerman\Lib\Model::getRow  2018-01-05 12:32:09] select * from `turn_user_lucky_value` where uid=178 and gift_setting_id=9  limit 1
[Workerman\Lib\Model::getRow  2018-01-05 12:32:09] select * from `turn_user_lucky_value` where uid=178 and gift_setting_id=10  limit 1
[Workerman\Lib\Model::getRow  2018-01-05 12:32:09] select * from `turn_user_lucky_value` where uid=178 and gift_setting_id=11  limit 1
[Workerman\Lib\Model::getRow  2018-01-05 12:32:09] select * from `turn_user_lucky_value` where uid=178 and gift_setting_id=12  limit 1
[Workerman\Lib\Model::getRow  2018-01-05 12:32:09] select * from `turn_user_lucky_value` where uid=178 and gift_setting_id=1  limit 1
[Workerman\Lib\Model::getRow  2018-01-05 12:32:09] select * from `turn_user_lucky_value` where uid=178 and gift_setting_id=2  limit 1
[Workerman\Lib\Model::getRow  2018-01-05 12:32:09] select * from `turn_user_lucky_value` where uid=178 and gift_setting_id=3  limit 1
[Workerman\Lib\Model::getRow  2018-01-05 12:32:09] select * from `turn_user_lucky_value` where uid=178 and gift_setting_id=4  limit 1
[Workerman\Lib\Model::getRow  2018-01-05 12:32:09] select * from `turn_user_lucky_value` where uid=178 and gift_setting_id=5  limit 1
[Workerman\Lib\Model::getRow  2018-01-05 12:32:09] select * from `turn_user_lucky_value` where uid=178 and gift_setting_id=6  limit 1
[Workerman\Lib\Model::getRow  2018-01-05 12:32:09] select * from `turn_user_lucky_value` where uid=178 and gift_setting_id=7  limit 1
[Workerman\Lib\Model::getRow  2018-01-05 12:32:09] select * from `turn_user_lucky_value` where uid=178 and gift_setting_id=8  limit 1
[Workerman\Lib\Model::getRow  2018-01-05 12:32:09] select * from `turn_user_lucky_value` where uid=178 and gift_setting_id=9  limit 1
[Workerman\Lib\Model::getRow  2018-01-05 12:32:09] select * from `turn_user_lucky_value` where uid=178 and gift_setting_id=10  limit 1
[Workerman\Lib\Model::getRow  2018-01-05 12:32:09] select * from `turn_user_lucky_value` where uid=178 and gift_setting_id=11  limit 1
[Workerman\Lib\Model::getRow  2018-01-05 12:32:09] select * from `turn_user_lucky_value` where uid=178 and gift_setting_id=12  limit 1
[Workerman\Lib\Model::getRow  2018-01-05 12:32:09] select * from `turn_user_lucky_value` where uid=178 and gift_setting_id=1  limit 1
[Workerman\Lib\Model::getRow  2018-01-05 12:32:09] select * from `turn_user_lucky_value` where uid=178 and gift_setting_id=2  limit 1
[Workerman\Lib\Model::getRow  2018-01-05 12:32:09] select * from `turn_user_lucky_value` where uid=178 and gift_setting_id=3  limit 1
[Workerman\Lib\Model::getRow  2018-01-05 12:32:09] select * from `turn_user_lucky_value` where uid=178 and gift_setting_id=4  limit 1
[Workerman\Lib\Model::getRow  2018-01-05 12:32:09] select * from `turn_user_lucky_value` where uid=178 and gift_setting_id=5  limit 1
[Workerman\Lib\Model::getRow  2018-01-05 12:32:09] select * from `turn_user_lucky_value` where uid=178 and gift_setting_id=6  limit 1
[Workerman\Lib\Model::getRow  2018-01-05 12:32:09] select * from `turn_user_lucky_value` where uid=178 and gift_setting_id=7  limit 1
[Workerman\Lib\Model::getRow  2018-01-05 12:32:09] select * from `turn_user_lucky_value` where uid=178 and gift_setting_id=8  limit 1
[Workerman\Lib\Model::getRow  2018-01-05 12:32:09] select * from `turn_user_lucky_value` where uid=178 and gift_setting_id=9  limit 1
[Workerman\Lib\Model::getRow  2018-01-05 12:32:09] select * from `turn_user_lucky_value` where uid=178 and gift_setting_id=10  limit 1
[Workerman\Lib\Model::getRow  2018-01-05 12:32:09] select * from `turn_user_lucky_value` where uid=178 and gift_setting_id=11  limit 1
[Workerman\Lib\Model::getRow  2018-01-05 12:32:09] select * from `turn_user_lucky_value` where uid=178 and gift_setting_id=12  limit 1
[Workerman\Lib\Model::getRow  2018-01-05 12:32:09] select * from `turn_user_lucky_value` where uid=178 and gift_setting_id=1  limit 1
[Workerman\Lib\Model::getRow  2018-01-05 12:32:09] select * from `turn_user_lucky_value` where uid=178 and gift_setting_id=2  limit 1
[Workerman\Lib\Model::getRow  2018-01-05 12:32:09] select * from `turn_user_lucky_value` where uid=178 and gift_setting_id=3  limit 1
[Workerman\Lib\Model::getRow  2018-01-05 12:32:09] select * from `turn_user_lucky_value` where uid=178 and gift_setting_id=4  limit 1
[Workerman\Lib\Model::getRow  2018-01-05 12:32:09] select * from `turn_user_lucky_value` where uid=178 and gift_setting_id=5  limit 1
[Workerman\Lib\Model::getRow  2018-01-05 12:32:09] select * from `turn_user_lucky_value` where uid=178 and gift_setting_id=6  limit 1
[Workerman\Lib\Model::getRow  2018-01-05 12:32:09] select * from `turn_user_lucky_value` where uid=178 and gift_setting_id=7  limit 1
[Workerman\Lib\Model::getRow  2018-01-05 12:32:09] select * from `turn_user_lucky_value` where uid=178 and gift_setting_id=8  limit 1
[Workerman\Lib\Model::getRow  2018-01-05 12:32:09] select * from `turn_user_lucky_value` where uid=178 and gift_setting_id=9  limit 1
[Workerman\Lib\Model::getRow  2018-01-05 12:32:09] select * from `turn_user_lucky_value` where uid=178 and gift_setting_id=10  limit 1
[Workerman\Lib\Model::getRow  2018-01-05 12:32:09] select * from `turn_user_lucky_value` where uid=178 and gift_setting_id=11  limit 1
[Workerman\Lib\Model::getRow  2018-01-05 12:32:09] select * from `turn_user_lucky_value` where uid=178 and gift_setting_id=12  limit 1
[Workerman\Lib\Model::getRow  2018-01-05 12:33:52] select * from `turn_user_lucky_value` where uid=178 and gift_setting_id=1  limit 1
[Workerman\Lib\Model::getRow  2018-01-05 12:33:52] select * from `turn_user_lucky_value` where uid=178 and gift_setting_id=2  limit 1
[Workerman\Lib\Model::getRow  2018-01-05 12:33:52] select * from `turn_user_lucky_value` where uid=178 and gift_setting_id=3  limit 1
[Workerman\Lib\Model::getRow  2018-01-05 12:33:52] select * from `turn_user_lucky_value` where uid=178 and gift_setting_id=4  limit 1
[Workerman\Lib\Model::getRow  2018-01-05 12:33:52] select * from `turn_user_lucky_value` where uid=178 and gift_setting_id=5  limit 1
[Workerman\Lib\Model::getRow  2018-01-05 12:33:52] select * from `turn_user_lucky_value` where uid=178 and gift_setting_id=6  limit 1
[Workerman\Lib\Model::getRow  2018-01-05 12:33:52] select * from `turn_user_lucky_value` where uid=178 and gift_setting_id=7  limit 1
[Workerman\Lib\Model::getRow  2018-01-05 12:33:52] select * from `turn_user_lucky_value` where uid=178 and gift_setting_id=8  limit 1
[Workerman\Lib\Model::getRow  2018-01-05 12:33:52] select * from `turn_user_lucky_value` where uid=178 and gift_setting_id=9  limit 1
[Workerman\Lib\Model::getRow  2018-01-05 12:33:52] select * from `turn_user_lucky_value` where uid=178 and gift_setting_id=10  limit 1
[Workerman\Lib\Model::getRow  2018-01-05 12:33:52] select * from `turn_user_lucky_value` where uid=178 and gift_setting_id=11  limit 1
[Workerman\Lib\Model::getRow  2018-01-05 12:33:52] select * from `turn_user_lucky_value` where uid=178 and gift_setting_id=12  limit 1
[Workerman\Lib\Model::getRow  2018-01-05 12:33:52] select * from `turn_user_lucky_value` where uid=178 and gift_setting_id=1  limit 1
[Workerman\Lib\Model::getRow  2018-01-05 12:33:52] select * from `turn_user_lucky_value` where uid=178 and gift_setting_id=2  limit 1
[Workerman\Lib\Model::getRow  2018-01-05 12:33:52] select * from `turn_user_lucky_value` where uid=178 and gift_setting_id=3  limit 1
[Workerman\Lib\Model::getRow  2018-01-05 12:33:52] select * from `turn_user_lucky_value` where uid=178 and gift_setting_id=4  limit 1
[Workerman\Lib\Model::getRow  2018-01-05 12:33:52] select * from `turn_user_lucky_value` where uid=178 and gift_setting_id=5  limit 1
[Workerman\Lib\Model::getRow  2018-01-05 12:33:52] select * from `turn_user_lucky_value` where uid=178 and gift_setting_id=6  limit 1
[Workerman\Lib\Model::getRow  2018-01-05 12:33:52] select * from `turn_user_lucky_value` where uid=178 and gift_setting_id=7  limit 1
[Workerman\Lib\Model::getRow  2018-01-05 12:33:52] select * from `turn_user_lucky_value` where uid=178 and gift_setting_id=8  limit 1
[Workerman\Lib\Model::getRow  2018-01-05 12:33:52] select * from `turn_user_lucky_value` where uid=178 and gift_setting_id=9  limit 1
[Workerman\Lib\Model::getRow  2018-01-05 12:33:52] select * from `turn_user_lucky_value` where uid=178 and gift_setting_id=10  limit 1
[Workerman\Lib\Model::getRow  2018-01-05 12:33:52] select * from `turn_user_lucky_value` where uid=178 and gift_setting_id=11  limit 1
[Workerman\Lib\Model::getRow  2018-01-05 12:33:52] select * from `turn_user_lucky_value` where uid=178 and gift_setting_id=12  limit 1
[Workerman\Lib\Model::getRow  2018-01-05 12:33:52] select * from `turn_user_lucky_value` where uid=178 and gift_setting_id=1  limit 1
[Workerman\Lib\Model::getRow  2018-01-05 12:33:52] select * from `turn_user_lucky_value` where uid=178 and gift_setting_id=2  limit 1
[Workerman\Lib\Model::getRow  2018-01-05 12:33:52] select * from `turn_user_lucky_value` where uid=178 and gift_setting_id=3  limit 1
[Workerman\Lib\Model::getRow  2018-01-05 12:33:52] select * from `turn_user_lucky_value` where uid=178 and gift_setting_id=4  limit 1
[Workerman\Lib\Model::getRow  2018-01-05 12:33:52] select * from `turn_user_lucky_value` where uid=178 and gift_setting_id=5  limit 1
[Workerman\Lib\Model::getRow  2018-01-05 12:33:52] select * from `turn_user_lucky_value` where uid=178 and gift_setting_id=6  limit 1
[Workerman\Lib\Model::getRow  2018-01-05 12:33:52] select * from `turn_user_lucky_value` where uid=178 and gift_setting_id=7  limit 1
[Workerman\Lib\Model::getRow  2018-01-05 12:33:52] select * from `turn_user_lucky_value` where uid=178 and gift_setting_id=8  limit 1
[Workerman\Lib\Model::getRow  2018-01-05 12:33:52] select * from `turn_user_lucky_value` where uid=178 and gift_setting_id=9  limit 1
[Workerman\Lib\Model::getRow  2018-01-05 12:33:52] select * from `turn_user_lucky_value` where uid=178 and gift_setting_id=10  limit 1
[Workerman\Lib\Model::getRow  2018-01-05 12:33:52] select * from `turn_user_lucky_value` where uid=178 and gift_setting_id=11  limit 1
[Workerman\Lib\Model::getRow  2018-01-05 12:33:52] select * from `turn_user_lucky_value` where uid=178 and gift_setting_id=12  limit 1
[Workerman\Lib\Model::getRow  2018-01-05 12:33:52] select * from `turn_user_lucky_value` where uid=178 and gift_setting_id=1  limit 1
[Workerman\Lib\Model::getRow  2018-01-05 12:33:52] select * from `turn_user_lucky_value` where uid=178 and gift_setting_id=2  limit 1
[Workerman\Lib\Model::getRow  2018-01-05 12:33:52] select * from `turn_user_lucky_value` where uid=178 and gift_setting_id=3  limit 1
[Workerman\Lib\Model::getRow  2018-01-05 12:33:52] select * from `turn_user_lucky_value` where uid=178 and gift_setting_id=4  limit 1
[Workerman\Lib\Model::getRow  2018-01-05 12:33:52] select * from `turn_user_lucky_value` where uid=178 and gift_setting_id=5  limit 1
[Workerman\Lib\Model::getRow  2018-01-05 12:33:52] select * from `turn_user_lucky_value` where uid=178 and gift_setting_id=6  limit 1
[Workerman\Lib\Model::getRow  2018-01-05 12:33:52] select * from `turn_user_lucky_value` where uid=178 and gift_setting_id=7  limit 1
[Workerman\Lib\Model::getRow  2018-01-05 12:33:52] select * from `turn_user_lucky_value` where uid=178 and gift_setting_id=8  limit 1
[Workerman\Lib\Model::getRow  2018-01-05 12:33:52] select * from `turn_user_lucky_value` where uid=178 and gift_setting_id=9  limit 1
[Workerman\Lib\Model::getRow  2018-01-05 12:33:52] select * from `turn_user_lucky_value` where uid=178 and gift_setting_id=10  limit 1
[Workerman\Lib\Model::getRow  2018-01-05 12:33:52] select * from `turn_user_lucky_value` where uid=178 and gift_setting_id=11  limit 1
[Workerman\Lib\Model::getRow  2018-01-05 12:33:52] select * from `turn_user_lucky_value` where uid=178 and gift_setting_id=12  limit 1
[Workerman\Lib\Model::getRow  2018-01-05 12:33:52] select * from `turn_user_lucky_value` where uid=178 and gift_setting_id=1  limit 1
[Workerman\Lib\Model::getRow  2018-01-05 12:33:52] select * from `turn_user_lucky_value` where uid=178 and gift_setting_id=2  limit 1
[Workerman\Lib\Model::getRow  2018-01-05 12:33:52] select * from `turn_user_lucky_value` where uid=178 and gift_setting_id=3  limit 1
[Workerman\Lib\Model::getRow  2018-01-05 12:33:52] select * from `turn_user_lucky_value` where uid=178 and gift_setting_id=4  limit 1
[Workerman\Lib\Model::getRow  2018-01-05 12:33:52] select * from `turn_user_lucky_value` where uid=178 and gift_setting_id=5  limit 1
[Workerman\Lib\Model::getRow  2018-01-05 12:33:52] select * from `turn_user_lucky_value` where uid=178 and gift_setting_id=6  limit 1
[Workerman\Lib\Model::getRow  2018-01-05 12:33:52] select * from `turn_user_lucky_value` where uid=178 and gift_setting_id=7  limit 1
[Workerman\Lib\Model::getRow  2018-01-05 12:33:52] select * from `turn_user_lucky_value` where uid=178 and gift_setting_id=8  limit 1
[Workerman\Lib\Model::getRow  2018-01-05 12:33:52] select * from `turn_user_lucky_value` where uid=178 and gift_setting_id=9  limit 1
[Workerman\Lib\Model::getRow  2018-01-05 12:33:52] select * from `turn_user_lucky_value` where uid=178 and gift_setting_id=10  limit 1
[Workerman\Lib\Model::getRow  2018-01-05 12:33:52] select * from `turn_user_lucky_value` where uid=178 and gift_setting_id=11  limit 1
[Workerman\Lib\Model::getRow  2018-01-05 12:33:52] select * from `turn_user_lucky_value` where uid=178 and gift_setting_id=12  limit 1
[Workerman\Lib\Model::getRow  2018-01-05 14:14:38] select * from `user_consumption_log` where uid=178 and activity_id=2101 and add_time=201801 order by create_time desc  limit 1
[Workerman\Lib\Model::getRow  2018-01-05 14:14:38] select * from `consumption_config` where id=11  limit 1
[Workerman\Lib\Model::getRow  2018-01-05 14:14:38] select * from `user_purchase_diamand_log` where uid=178 and activity_id=2101 and add_month_time=201801  limit 1
[Workerman\Lib\Model::getRow  2018-01-05 14:14:38] select * from `user_consumption_log` where uid=178 and activity_id=2103 and add_time=201801 order by create_time desc  limit 1
[Workerman\Lib\Model::getRow  2018-01-05 14:14:38] select * from `consumption_config` where id=13  limit 1
[Workerman\Lib\Model::getRow  2018-01-05 14:14:38] select * from `user_use_roomcard_log` where uid=178 and activity_id=2103 and add_month_time=201801  limit 1
[Workerman\Lib\Model::getRow  2018-01-05 14:14:38] select * from `user_consumption_log` where uid=178 and activity_id=2107 and add_time=201801 order by create_time desc  limit 1
[Workerman\Lib\Model::getRow  2018-01-05 14:14:38] select * from `consumption_config` where id=17  limit 1
[Workerman\Lib\Model::getRow  2018-01-05 14:14:38] select * from `user_use_jbcard_log` where uid=178 and activity_id=2107 and add_month_time=201801  limit 1
[Workerman\Lib\Model::getRow  2018-01-05 14:14:38] select * from `user_consumption_log` where uid=178 and activity_id=2110 and add_time=201801 order by create_time desc  limit 1
[Workerman\Lib\Model::getRow  2018-01-05 14:14:38] select * from `consumption_config` where id=20  limit 1
[Workerman\Lib\Model::getRow  2018-01-05 14:14:38] select * from `user_exchange_log` where uid=178 and activity_id=2110 and add_month_time=201801  limit 1
[Workerman\Lib\Model::getRow  2018-01-05 14:14:38] select * from `user_cross_challege_log` where uid=178 and activity_id=2113 and add_time=201801 order by create_time desc  limit 1
[Workerman\Lib\Model::getRow  2018-01-05 14:14:38] select * from `cross_challege_config` where id=5  limit 1
[Workerman\Lib\Model::getRow  2018-01-05 14:14:38] select * from `user_cross_challege_log` where uid=178 and activity_id=2116 and add_time=201801 order by create_time desc  limit 1
[Workerman\Lib\Model::getRow  2018-01-05 14:14:38] select * from `cross_challege_config` where id=8  limit 1
[Workerman\Lib\Model::getRow  2018-01-05 14:14:38] select * from `user_cross_challege_log` where uid=178 and activity_id=2119 and add_time=201801 order by create_time desc  limit 1
[Workerman\Lib\Model::getRow  2018-01-05 14:14:38] select * from `cross_challege_config` where id=11  limit 1
[Workerman\Lib\Model::getRow  2018-01-05 14:14:38] select * from `user_cross_challege_log` where uid=178 and activity_id=2122 and add_time=201801 order by create_time desc  limit 1
[Workerman\Lib\Model::getRow  2018-01-05 14:14:38] select * from `cross_challege_config` where id=14  limit 1
[Workerman\Lib\Model::getRow  2018-01-05 14:14:38] select * from `user_cross_challege_log` where uid=178 and activity_id=2128 and add_time=201801 order by create_time desc  limit 1
[Workerman\Lib\Model::getRow  2018-01-05 14:14:38] select * from `cross_challege_config` where id=17  limit 1
[Workerman\Lib\Model::getRow  2018-01-05 14:14:38] select * from `user_cross_challege_log` where uid=178 and activity_id=2131 and add_time=201801 order by create_time desc  limit 1
[Workerman\Lib\Model::getRow  2018-01-05 14:14:38] select * from `cross_challege_config` where id=20  limit 1
[Workerman\Lib\Model::getRow  2018-01-05 14:14:38] select * from `user_cross_challege_log` where uid=178 and activity_id=2134 and add_time=201801 order by create_time desc  limit 1
[Workerman\Lib\Model::getRow  2018-01-05 14:14:38] select * from `cross_challege_config` where id=23  limit 1
[Workerman\Lib\Model::getRow  2018-01-05 14:14:38] select * from `user_cross_challege_log` where uid=178 and activity_id=2137 and add_time=201801 order by create_time desc  limit 1
[Workerman\Lib\Model::getRow  2018-01-05 14:14:38] select * from `cross_challege_config` where id=26  limit 1
[Workerman\Lib\Model::getRow  2018-01-05 14:14:38] select `mid`,`sid` from `poker_user_map` where uid=178  limit 1
[Workerman\Lib\Model::getRow  2018-01-05 14:14:38] select * from `poker_user` where id=100122  limit 1
[Workerman\Lib\Model::getRow  2018-01-05 15:45:53] select * from `user_cross_challege_log` where uid=178 and activity_id=2114 and add_time=201801 order by create_time desc  limit 1
[Workerman\Lib\Model::getRow  2018-01-05 15:45:53] select * from `cross_challege_config` where id=6  limit 1
[Workerman\Lib\Model::getRow  2018-01-05 15:45:53] select * from `user_cross_challege_log` where uid=178 and activity_id=2115 and add_time=201801 order by create_time desc  limit 1
[Workerman\Lib\Model::getRow  2018-01-05 15:45:53] select * from `cross_challege_config` where id=7  limit 1
[Workerman\Lib\Model::getRow  2018-01-05 15:45:53] select * from `user_cross_challege_log` where uid=178 and activity_id=2117 and add_time=201801 order by create_time desc  limit 1
[Workerman\Lib\Model::getRow  2018-01-05 15:45:53] select * from `cross_challege_config` where id=9  limit 1
[Workerman\Lib\Model::getRow  2018-01-05 15:45:53] select * from `user_cross_challege_log` where uid=178 and activity_id=2118 and add_time=201801 order by create_time desc  limit 1
[Workerman\Lib\Model::getRow  2018-01-05 15:45:53] select * from `cross_challege_config` where id=10  limit 1
[Workerman\Lib\Model::getRow  2018-01-05 15:45:53] select * from `user_cross_challege_log` where uid=178 and activity_id=2120 and add_time=201801 order by create_time desc  limit 1
[Workerman\Lib\Model::getRow  2018-01-05 15:45:53] select * from `cross_challege_config` where id=12  limit 1
[Workerman\Lib\Model::getRow  2018-01-05 15:45:53] select * from `user_cross_challege_log` where uid=178 and activity_id=2121 and add_time=201801 order by create_time desc  limit 1
[Workerman\Lib\Model::getRow  2018-01-05 15:45:53] select * from `cross_challege_config` where id=13  limit 1
[Workerman\Lib\Model::getRow  2018-01-05 15:45:53] select * from `user_cross_challege_log` where uid=178 and activity_id=2123 and add_time=201801 order by create_time desc  limit 1
[Workerman\Lib\Model::getRow  2018-01-05 15:45:53] select * from `cross_challege_config` where id=15  limit 1
[Workerman\Lib\Model::getRow  2018-01-05 15:45:53] select * from `user_cross_challege_log` where uid=178 and activity_id=2124 and add_time=201801 order by create_time desc  limit 1
[Workerman\Lib\Model::getRow  2018-01-05 15:45:53] select * from `cross_challege_config` where id=16  limit 1
[Workerman\Lib\Model::getRow  2018-01-05 15:45:53] select * from `user_consumption_log` where uid=178 and activity_id=2102 and add_time=201801 order by create_time desc  limit 1
[Workerman\Lib\Model::getRow  2018-01-05 15:45:53] select * from `consumption_config` where id=12  limit 1
[Workerman\Lib\Model::getRow  2018-01-05 15:45:53] select * from `user_purchase_diamand_log` where uid=178 and activity_id=2102 and add_month_time=201801  limit 1
[Workerman\Lib\Model::getRow  2018-01-05 15:45:53] select * from `user_consumption_log` where uid=178 and activity_id=2104 and add_time=201801 order by create_time desc  limit 1
[Workerman\Lib\Model::getRow  2018-01-05 15:45:53] select * from `consumption_config` where id=14  limit 1
[Workerman\Lib\Model::getRow  2018-01-05 15:45:53] select * from `user_use_roomcard_log` where uid=178 and activity_id=2104 and add_month_time=201801  limit 1
[Workerman\Lib\Model::getRow  2018-01-05 15:45:53] select * from `user_consumption_log` where uid=178 and activity_id=2105 and add_time=201801 order by create_time desc  limit 1
[Workerman\Lib\Model::getRow  2018-01-05 15:45:53] select * from `consumption_config` where id=15  limit 1
[Workerman\Lib\Model::getRow  2018-01-05 15:45:53] select * from `user_use_roomcard_log` where uid=178 and activity_id=2105 and add_month_time=201801  limit 1
[Workerman\Lib\Model::getRow  2018-01-05 15:45:53] select * from `user_consumption_log` where uid=178 and activity_id=2106 and add_time=201801 order by create_time desc  limit 1
[Workerman\Lib\Model::getRow  2018-01-05 15:45:53] select * from `consumption_config` where id=16  limit 1
[Workerman\Lib\Model::getRow  2018-01-05 15:45:53] select * from `user_use_roomcard_log` where uid=178 and activity_id=2106 and add_month_time=201801  limit 1
[Workerman\Lib\Model::getRow  2018-01-05 15:45:53] select * from `user_consumption_log` where uid=178 and activity_id=2108 and add_time=201801 order by create_time desc  limit 1
[Workerman\Lib\Model::getRow  2018-01-05 15:45:53] select * from `consumption_config` where id=18  limit 1
[Workerman\Lib\Model::getRow  2018-01-05 15:45:53] select * from `user_use_jbcard_log` where uid=178 and activity_id=2108 and add_month_time=201801  limit 1
[Workerman\Lib\Model::getRow  2018-01-05 15:45:53] select * from `user_consumption_log` where uid=178 and activity_id=2109 and add_time=201801 order by create_time desc  limit 1
[Workerman\Lib\Model::getRow  2018-01-05 15:45:53] select * from `consumption_config` where id=19  limit 1
[Workerman\Lib\Model::getRow  2018-01-05 15:45:53] select * from `user_use_jbcard_log` where uid=178 and activity_id=2109 and add_month_time=201801  limit 1
[Workerman\Lib\Model::getRow  2018-01-05 15:45:53] select * from `user_consumption_log` where uid=178 and activity_id=2111 and add_time=201801 order by create_time desc  limit 1
[Workerman\Lib\Model::getRow  2018-01-05 15:45:53] select * from `consumption_config` where id=21  limit 1
[Workerman\Lib\Model::getRow  2018-01-05 15:45:53] select * from `user_exchange_log` where uid=178 and activity_id=2111 and add_month_time=201801  limit 1
[Workerman\Lib\Model::getRow  2018-01-05 15:45:53] select * from `user_consumption_log` where uid=178 and activity_id=2112 and add_time=201801 order by create_time desc  limit 1
[Workerman\Lib\Model::getRow  2018-01-05 15:45:53] select * from `consumption_config` where id=22  limit 1
[Workerman\Lib\Model::getRow  2018-01-05 15:45:53] select * from `user_exchange_log` where uid=178 and activity_id=2112 and add_month_time=201801  limit 1
[Workerman\Lib\Model::getRow  2018-01-05 15:45:53] select * from `user_cross_challege_log` where uid=178 and activity_id=2129 and add_time=201801 order by create_time desc  limit 1
[Workerman\Lib\Model::getRow  2018-01-05 15:45:53] select * from `cross_challege_config` where id=18  limit 1
[Workerman\Lib\Model::getRow  2018-01-05 15:45:53] select * from `user_cross_challege_log` where uid=178 and activity_id=2130 and add_time=201801 order by create_time desc  limit 1
[Workerman\Lib\Model::getRow  2018-01-05 15:45:53] select * from `cross_challege_config` where id=19  limit 1
[Workerman\Lib\Model::getRow  2018-01-05 15:45:53] select * from `user_cross_challege_log` where uid=178 and activity_id=2132 and add_time=201801 order by create_time desc  limit 1
[Workerman\Lib\Model::getRow  2018-01-05 15:45:53] select * from `cross_challege_config` where id=21  limit 1
[Workerman\Lib\Model::getRow  2018-01-05 15:45:53] select * from `user_cross_challege_log` where uid=178 and activity_id=2133 and add_time=201801 order by create_time desc  limit 1
[Workerman\Lib\Model::getRow  2018-01-05 15:45:53] select * from `cross_challege_config` where id=22  limit 1
[Workerman\Lib\Model::getRow  2018-01-05 15:45:54] select * from `user_cross_challege_log` where uid=178 and activity_id=2135 and add_time=201801 order by create_time desc  limit 1
[Workerman\Lib\Model::getRow  2018-01-05 15:45:54] select * from `cross_challege_config` where id=24  limit 1
[Workerman\Lib\Model::getRow  2018-01-05 15:45:54] select * from `user_cross_challege_log` where uid=178 and activity_id=2136 and add_time=201801 order by create_time desc  limit 1
[Workerman\Lib\Model::getRow  2018-01-05 15:45:54] select * from `cross_challege_config` where id=25  limit 1
[Workerman\Lib\Model::getRow  2018-01-05 15:45:54] select * from `user_cross_challege_log` where uid=178 and activity_id=2138 and add_time=201801 order by create_time desc  limit 1
[Workerman\Lib\Model::getRow  2018-01-05 15:45:54] select * from `cross_challege_config` where id=27  limit 1
[Workerman\Lib\Model::getRow  2018-01-05 15:45:54] select * from `user_cross_challege_log` where uid=178 and activity_id=2139 and add_time=201801 order by create_time desc  limit 1
[Workerman\Lib\Model::getRow  2018-01-05 15:45:54] select * from `cross_challege_config` where id=28  limit 1
[Workerman\Lib\Model::getRow  2018-01-05 15:54:22] select * from `user_cross_challege_log` where uid=178 and activity_id=2113 and add_time=201801 order by create_time desc  limit 1
[Workerman\Lib\Model::getRow  2018-01-05 15:54:22] select * from `cross_challege_config` where id=5  limit 1
[Workerman\Lib\Model::getRow  2018-01-05 15:54:22] select * from `user_cross_challege_log` where uid=178 and activity_id=2114 and add_time=201801 order by create_time desc  limit 1
[Workerman\Lib\Model::getRow  2018-01-05 15:54:22] select * from `cross_challege_config` where id=6  limit 1
[Workerman\Lib\Model::getRow  2018-01-05 15:54:22] select * from `user_cross_challege_log` where uid=178 and activity_id=2115 and add_time=201801 order by create_time desc  limit 1
[Workerman\Lib\Model::getRow  2018-01-05 15:54:22] select * from `cross_challege_config` where id=7  limit 1
[Workerman\Lib\Model::getRow  2018-01-05 15:54:22] select * from `user_cross_challege_log` where uid=178 and activity_id=2116 and add_time=201801 order by create_time desc  limit 1
[Workerman\Lib\Model::getRow  2018-01-05 15:54:22] select * from `cross_challege_config` where id=8  limit 1
[Workerman\Lib\Model::getRow  2018-01-05 15:54:22] select * from `user_cross_challege_log` where uid=178 and activity_id=2117 and add_time=201801 order by create_time desc  limit 1
[Workerman\Lib\Model::getRow  2018-01-05 15:54:22] select * from `cross_challege_config` where id=9  limit 1
[Workerman\Lib\Model::getRow  2018-01-05 15:54:22] select * from `user_cross_challege_log` where uid=178 and activity_id=2118 and add_time=201801 order by create_time desc  limit 1
[Workerman\Lib\Model::getRow  2018-01-05 15:54:22] select * from `cross_challege_config` where id=10  limit 1
[Workerman\Lib\Model::getRow  2018-01-05 15:54:22] select * from `user_cross_challege_log` where uid=178 and activity_id=2119 and add_time=201801 order by create_time desc  limit 1
[Workerman\Lib\Model::getRow  2018-01-05 15:54:22] select * from `cross_challege_config` where id=11  limit 1
[Workerman\Lib\Model::getRow  2018-01-05 15:54:22] select * from `user_cross_challege_log` where uid=178 and activity_id=2120 and add_time=201801 order by create_time desc  limit 1
[Workerman\Lib\Model::getRow  2018-01-05 15:54:22] select * from `cross_challege_config` where id=12  limit 1
[Workerman\Lib\Model::getRow  2018-01-05 15:54:22] select * from `user_cross_challege_log` where uid=178 and activity_id=2121 and add_time=201801 order by create_time desc  limit 1
[Workerman\Lib\Model::getRow  2018-01-05 15:54:22] select * from `cross_challege_config` where id=13  limit 1
[Workerman\Lib\Model::getRow  2018-01-05 15:54:22] select * from `user_cross_challege_log` where uid=178 and activity_id=2122 and add_time=201801 order by create_time desc  limit 1
[Workerman\Lib\Model::getRow  2018-01-05 15:54:22] select * from `cross_challege_config` where id=14  limit 1
[Workerman\Lib\Model::getRow  2018-01-05 15:54:22] select * from `user_cross_challege_log` where uid=178 and activity_id=2123 and add_time=201801 order by create_time desc  limit 1
[Workerman\Lib\Model::getRow  2018-01-05 15:54:22] select * from `cross_challege_config` where id=15  limit 1
[Workerman\Lib\Model::getRow  2018-01-05 15:54:22] select * from `user_cross_challege_log` where uid=178 and activity_id=2124 and add_time=201801 order by create_time desc  limit 1
[Workerman\Lib\Model::getRow  2018-01-05 15:54:22] select * from `cross_challege_config` where id=16  limit 1
[Workerman\Lib\Model::getRow  2018-01-05 15:54:22] select * from `user_consumption_log` where uid=178 and activity_id=2101 and add_time=201801 order by create_time desc  limit 1
[Workerman\Lib\Model::getRow  2018-01-05 15:54:22] select * from `consumption_config` where id=11  limit 1
[Workerman\Lib\Model::getRow  2018-01-05 15:54:22] select * from `user_purchase_diamand_log` where uid=178 and activity_id=2101 and add_month_time=201801  limit 1
[Workerman\Lib\Model::getRow  2018-01-05 15:54:22] select * from `user_consumption_log` where uid=178 and activity_id=2102 and add_time=201801 order by create_time desc  limit 1
[Workerman\Lib\Model::getRow  2018-01-05 15:54:22] select * from `consumption_config` where id=12  limit 1
[Workerman\Lib\Model::getRow  2018-01-05 15:54:22] select * from `user_purchase_diamand_log` where uid=178 and activity_id=2102 and add_month_time=201801  limit 1
[Workerman\Lib\Model::getRow  2018-01-05 15:54:22] select * from `user_consumption_log` where uid=178 and activity_id=2103 and add_time=201801 order by create_time desc  limit 1
[Workerman\Lib\Model::getRow  2018-01-05 15:54:22] select * from `consumption_config` where id=13  limit 1
[Workerman\Lib\Model::getRow  2018-01-05 15:54:22] select * from `user_use_roomcard_log` where uid=178 and activity_id=2103 and add_month_time=201801  limit 1
[Workerman\Lib\Model::getRow  2018-01-05 15:54:22] select * from `user_consumption_log` where uid=178 and activity_id=2104 and add_time=201801 order by create_time desc  limit 1
[Workerman\Lib\Model::getRow  2018-01-05 15:54:22] select * from `consumption_config` where id=14  limit 1
[Workerman\Lib\Model::getRow  2018-01-05 15:54:22] select * from `user_use_roomcard_log` where uid=178 and activity_id=2104 and add_month_time=201801  limit 1
[Workerman\Lib\Model::getRow  2018-01-05 15:54:22] select * from `user_consumption_log` where uid=178 and activity_id=2105 and add_time=201801 order by create_time desc  limit 1
[Workerman\Lib\Model::getRow  2018-01-05 15:54:22] select * from `consumption_config` where id=15  limit 1
[Workerman\Lib\Model::getRow  2018-01-05 15:54:22] select * from `user_use_roomcard_log` where uid=178 and activity_id=2105 and add_month_time=201801  limit 1
[Workerman\Lib\Model::getRow  2018-01-05 15:54:22] select * from `user_consumption_log` where uid=178 and activity_id=2106 and add_time=201801 order by create_time desc  limit 1
[Workerman\Lib\Model::getRow  2018-01-05 15:54:22] select * from `consumption_config` where id=16  limit 1
[Workerman\Lib\Model::getRow  2018-01-05 15:54:22] select * from `user_use_roomcard_log` where uid=178 and activity_id=2106 and add_month_time=201801  limit 1
[Workerman\Lib\Model::getRow  2018-01-05 15:54:22] select * from `user_consumption_log` where uid=178 and activity_id=2107 and add_time=201801 order by create_time desc  limit 1
[Workerman\Lib\Model::getRow  2018-01-05 15:54:22] select * from `consumption_config` where id=17  limit 1
[Workerman\Lib\Model::getRow  2018-01-05 15:54:22] select * from `user_use_jbcard_log` where uid=178 and activity_id=2107 and add_month_time=201801  limit 1
[Workerman\Lib\Model::getRow  2018-01-05 15:54:22] select * from `user_consumption_log` where uid=178 and activity_id=2108 and add_time=201801 order by create_time desc  limit 1
[Workerman\Lib\Model::getRow  2018-01-05 15:54:22] select * from `consumption_config` where id=18  limit 1
[Workerman\Lib\Model::getRow  2018-01-05 15:54:22] select * from `user_use_jbcard_log` where uid=178 and activity_id=2108 and add_month_time=201801  limit 1
[Workerman\Lib\Model::getRow  2018-01-05 15:54:22] select * from `user_consumption_log` where uid=178 and activity_id=2109 and add_time=201801 order by create_time desc  limit 1
[Workerman\Lib\Model::getRow  2018-01-05 15:54:22] select * from `consumption_config` where id=19  limit 1
[Workerman\Lib\Model::getRow  2018-01-05 15:54:22] select * from `user_use_jbcard_log` where uid=178 and activity_id=2109 and add_month_time=201801  limit 1
[Workerman\Lib\Model::getRow  2018-01-05 15:54:22] select * from `user_consumption_log` where uid=178 and activity_id=2110 and add_time=201801 order by create_time desc  limit 1
[Workerman\Lib\Model::getRow  2018-01-05 15:54:22] select * from `consumption_config` where id=20  limit 1
[Workerman\Lib\Model::getRow  2018-01-05 15:54:22] select * from `user_exchange_log` where uid=178 and activity_id=2110 and add_month_time=201801  limit 1
[Workerman\Lib\Model::getRow  2018-01-05 15:54:22] select * from `user_consumption_log` where uid=178 and activity_id=2111 and add_time=201801 order by create_time desc  limit 1
[Workerman\Lib\Model::getRow  2018-01-05 15:54:22] select * from `consumption_config` where id=21  limit 1
[Workerman\Lib\Model::getRow  2018-01-05 15:54:22] select * from `user_exchange_log` where uid=178 and activity_id=2111 and add_month_time=201801  limit 1
[Workerman\Lib\Model::getRow  2018-01-05 15:54:22] select * from `user_consumption_log` where uid=178 and activity_id=2112 and add_time=201801 order by create_time desc  limit 1
[Workerman\Lib\Model::getRow  2018-01-05 15:54:22] select * from `consumption_config` where id=22  limit 1
[Workerman\Lib\Model::getRow  2018-01-05 15:54:22] select * from `user_exchange_log` where uid=178 and activity_id=2112 and add_month_time=201801  limit 1
[Workerman\Lib\Model::getRow  2018-01-05 15:54:22] select * from `user_cross_challege_log` where uid=178 and activity_id=2128 and add_time=201801 order by create_time desc  limit 1
[Workerman\Lib\Model::getRow  2018-01-05 15:54:22] select * from `cross_challege_config` where id=17  limit 1
[Workerman\Lib\Model::getRow  2018-01-05 15:54:23] select * from `user_cross_challege_log` where uid=178 and activity_id=2129 and add_time=201801 order by create_time desc  limit 1
[Workerman\Lib\Model::getRow  2018-01-05 15:54:23] select * from `cross_challege_config` where id=18  limit 1
[Workerman\Lib\Model::getRow  2018-01-05 15:54:23] select * from `user_cross_challege_log` where uid=178 and activity_id=2130 and add_time=201801 order by create_time desc  limit 1
[Workerman\Lib\Model::getRow  2018-01-05 15:54:23] select * from `cross_challege_config` where id=19  limit 1
[Workerman\Lib\Model::getRow  2018-01-05 15:54:23] select * from `user_cross_challege_log` where uid=178 and activity_id=2131 and add_time=201801 order by create_time desc  limit 1
[Workerman\Lib\Model::getRow  2018-01-05 15:54:23] select * from `cross_challege_config` where id=20  limit 1
[Workerman\Lib\Model::getRow  2018-01-05 15:54:23] select * from `user_cross_challege_log` where uid=178 and activity_id=2132 and add_time=201801 order by create_time desc  limit 1
[Workerman\Lib\Model::getRow  2018-01-05 15:54:23] select * from `cross_challege_config` where id=21  limit 1
[Workerman\Lib\Model::getRow  2018-01-05 15:54:23] select * from `user_cross_challege_log` where uid=178 and activity_id=2133 and add_time=201801 order by create_time desc  limit 1
[Workerman\Lib\Model::getRow  2018-01-05 15:54:23] select * from `cross_challege_config` where id=22  limit 1
[Workerman\Lib\Model::getRow  2018-01-05 15:54:23] select * from `user_cross_challege_log` where uid=178 and activity_id=2134 and add_time=201801 order by create_time desc  limit 1
[Workerman\Lib\Model::getRow  2018-01-05 15:54:23] select * from `cross_challege_config` where id=23  limit 1
[Workerman\Lib\Model::getRow  2018-01-05 15:54:23] select * from `user_cross_challege_log` where uid=178 and activity_id=2135 and add_time=201801 order by create_time desc  limit 1
[Workerman\Lib\Model::getRow  2018-01-05 15:54:23] select * from `cross_challege_config` where id=24  limit 1
[Workerman\Lib\Model::getRow  2018-01-05 15:54:23] select * from `user_cross_challege_log` where uid=178 and activity_id=2136 and add_time=201801 order by create_time desc  limit 1
[Workerman\Lib\Model::getRow  2018-01-05 15:54:23] select * from `cross_challege_config` where id=25  limit 1
[Workerman\Lib\Model::getRow  2018-01-05 15:54:23] select * from `user_cross_challege_log` where uid=178 and activity_id=2137 and add_time=201801 order by create_time desc  limit 1
[Workerman\Lib\Model::getRow  2018-01-05 15:54:23] select * from `cross_challege_config` where id=26  limit 1
[Workerman\Lib\Model::getRow  2018-01-05 15:54:23] select * from `user_cross_challege_log` where uid=178 and activity_id=2138 and add_time=201801 order by create_time desc  limit 1
[Workerman\Lib\Model::getRow  2018-01-05 15:54:23] select * from `cross_challege_config` where id=27  limit 1
[Workerman\Lib\Model::getRow  2018-01-05 15:54:23] select * from `user_cross_challege_log` where uid=178 and activity_id=2139 and add_time=201801 order by create_time desc  limit 1
[Workerman\Lib\Model::getRow  2018-01-05 15:54:23] select * from `cross_challege_config` where id=28  limit 1
[Workerman\Lib\Model::getRow  2018-01-05 15:54:23] select * from `poker_usergame` where uid=178  limit 1
[Workerman\Lib\Model::getRow  2018-01-05 15:54:23] select `mid`,`sid` from `poker_user_map` where uid=178  limit 1
[Workerman\Lib\Model::getRow  2018-01-05 15:54:23] select * from `poker_user` where id=100122  limit 1